# JRE version: OpenJDK Runtime Environment AdoptOpenJDK-11.0.11+9 (11.0.11+9) (build 11.0.11+9)
# Java VM: OpenJDK 64-Bit Server VM AdoptOpenJDK-11.0.11+9 (11.0.11+9, mixed mode, tiered, compressed oops, parallel gc, windows-amd64)
Heap:
 PSYoungGen      total 2560K, used 960K [0x00000000eab00000, 0x00000000eae80000, 0x0000000100000000)
  eden space 1536K, 0% used [0x00000000eab00000,0x00000000eab00000,0x00000000eac80000)
  from space 1024K, 93% used [0x00000000ead80000,0x00000000eae70000,0x00000000eae80000)
  to   space 1024K, 0% used [0x00000000eac80000,0x00000000eac80000,0x00000000ead80000)
 ParOldGen       total 128000K, used 127945K [0x00000000c0000000, 0x00000000c7d00000, 0x00000000eab00000)
  object space 128000K, 99% used [0x00000000c0000000,0x00000000c7cf26a0,0x00000000c7d00000)
 Metaspace       used 85382K, capacity 88639K, committed 89048K, reserved 1130496K
  class space    used 7616K, capacity 8818K, committed 8960K, reserved 1048576K
GC Heap History (20 events):
Event: 14480.318 GC heap after
{Heap after GC invocations=15135 (full 391):
 PSYoungGen      total 2048K, used 256K [0x00000000eab00000, 0x00000000eae00000, 0x0000000100000000)
  eden space 1536K, 0% used [0x00000000eab00000,0x00000000eab00000,0x00000000eac80000)
  from space 512K, 50% used [0x00000000ead00000,0x00000000ead40000,0x00000000ead80000)
  to   space 512K, 0% used [0x00000000ead80000,0x00000000ead80000,0x00000000eae00000)
 ParOldGen       total 128000K, used 126178K [0x00000000c0000000, 0x00000000c7d00000, 0x00000000eab00000)
  object space 128000K, 98% used [0x00000000c0000000,0x00000000c7b38a70,0x00000000c7d00000)
 Metaspace       used 85381K, capacity 88639K, committed 89048K, reserved 1130496K
  class space    used 7616K, capacity 8818K, committed 8960K, reserved 1048576K
}
Event: 14480.518 GC heap before
{Heap before GC invocations=15136 (full 391):
 PSYoungGen      total 2048K, used 1791K [0x00000000eab00000, 0x00000000eae00000, 0x0000000100000000)
  eden space 1536K, 99% used [0x00000000eab00000,0x00000000eac7ff88,0x00000000eac80000)
  from space 512K, 50% used [0x00000000ead00000,0x00000000ead40000,0x00000000ead80000)
  to   space 512K, 0% used [0x00000000ead80000,0x00000000ead80000,0x00000000eae00000)
 ParOldGen       total 128000K, used 126178K [0x00000000c0000000, 0x00000000c7d00000, 0x00000000eab00000)
  object space 128000K, 98% used [0x00000000c0000000,0x00000000c7b38a70,0x00000000c7d00000)
 Metaspace       used 85381K, capacity 88639K, committed 89048K, reserved 1130496K
  class space    used 7616K, capacity 8818K, committed 8960K, reserved 1048576K
}
Event: 14480.519 GC heap after
{Heap after GC invocations=15136 (full 391):
 PSYoungGen      total 2048K, used 464K [0x00000000eab00000, 0x00000000eae00000, 0x0000000100000000)
  eden space 1536K, 0% used [0x00000000eab00000,0x00000000eab00000,0x00000000eac80000)
  from space 512K, 90% used [0x00000000ead80000,0x00000000eadf4010,0x00000000eae00000)
  to   space 512K, 0% used [0x00000000ead00000,0x00000000ead00000,0x00000000ead80000)
 ParOldGen       total 128000K, used 126234K [0x00000000c0000000, 0x00000000c7d00000, 0x00000000eab00000)
  object space 128000K, 98% used [0x00000000c0000000,0x00000000c7b46a70,0x00000000c7d00000)
 Metaspace       used 85381K, capacity 88639K, committed 89048K, reserved 1130496K
  class space    used 7616K, capacity 8818K, committed 8960K, reserved 1048576K
}
Event: 14480.522 GC heap before
{Heap before GC invocations=15137 (full 391):
 PSYoungGen      total 2048K, used 2000K [0x00000000eab00000, 0x00000000eae00000, 0x0000000100000000)
  eden space 1536K, 100% used [0x00000000eab00000,0x00000000eac80000,0x00000000eac80000)
  from space 512K, 90% used [0x00000000ead80000,0x00000000eadf4010,0x00000000eae00000)
  to   space 512K, 0% used [0x00000000ead00000,0x00000000ead00000,0x00000000ead80000)
 ParOldGen       total 128000K, used 126234K [0x00000000c0000000, 0x00000000c7d00000, 0x00000000eab00000)
  object space 128000K, 98% used [0x00000000c0000000,0x00000000c7b46a70,0x00000000c7d00000)
 Metaspace       used 85381K, capacity 88639K, committed 89048K, reserved 1130496K
  class space    used 7616K, capacity 8818K, committed 8960K, reserved 1048576K
}
Event: 14480.523 GC heap after
{Heap after GC invocations=15137 (full 391):
 PSYoungGen      total 2048K, used 288K [0x00000000eab00000, 0x00000000eae00000, 0x0000000100000000)
  eden space 1536K, 0% used [0x00000000eab00000,0x00000000eab00000,0x00000000eac80000)
  from space 512K, 56% used [0x00000000ead00000,0x00000000ead48000,0x00000000ead80000)
  to   space 512K, 0% used [0x00000000ead80000,0x00000000ead80000,0x00000000eae00000)
 ParOldGen       total 128000K, used 126346K [0x00000000c0000000, 0x00000000c7d00000, 0x00000000eab00000)
  object space 128000K, 98% used [0x00000000c0000000,0x00000000c7b62a70,0x00000000c7d00000)
 Metaspace       used 85381K, capacity 88639K, committed 89048K, reserved 1130496K
  class space    used 7616K, capacity 8818K, committed 8960K, reserved 1048576K
}
Event: 14480.802 GC heap before
{Heap before GC invocations=15138 (full 391):
 PSYoungGen      total 2048K, used 1824K [0x00000000eab00000, 0x00000000eae00000, 0x0000000100000000)
  eden space 1536K, 100% used [0x00000000eab00000,0x00000000eac80000,0x00000000eac80000)
  from space 512K, 56% used [0x00000000ead00000,0x00000000ead48000,0x00000000ead80000)
  to   space 512K, 0% used [0x00000000ead80000,0x00000000ead80000,0x00000000eae00000)
 ParOldGen       total 128000K, used 126346K [0x00000000c0000000, 0x00000000c7d00000, 0x00000000eab00000)
  object space 128000K, 98% used [0x00000000c0000000,0x00000000c7b62a70,0x00000000c7d00000)
 Metaspace       used 85381K, capacity 88639K, committed 89048K, reserved 1130496K
  class space    used 7616K, capacity 8818K, committed 8960K, reserved 1048576K
}
Event: 14480.803 GC heap after
{Heap after GC invocations=15138 (full 391):
 PSYoungGen      total 2048K, used 384K [0x00000000eab00000, 0x00000000eae00000, 0x0000000100000000)
  eden space 1536K, 0% used [0x00000000eab00000,0x00000000eab00000,0x00000000eac80000)
  from space 512K, 75% used [0x00000000ead80000,0x00000000eade0000,0x00000000eae00000)
  to   space 512K, 0% used [0x00000000ead00000,0x00000000ead00000,0x00000000ead80000)
 ParOldGen       total 128000K, used 126370K [0x00000000c0000000, 0x00000000c7d00000, 0x00000000eab00000)
  object space 128000K, 98% used [0x00000000c0000000,0x00000000c7b68a70,0x00000000c7d00000)
 Metaspace       used 85381K, capacity 88639K, committed 89048K, reserved 1130496K
  class space    used 7616K, capacity 8818K, committed 8960K, reserved 1048576K
}
Event: 14480.808 GC heap before
{Heap before GC invocations=15139 (full 391):
 PSYoungGen      total 2048K, used 1920K [0x00000000eab00000, 0x00000000eae00000, 0x0000000100000000)
  eden space 1536K, 100% used [0x00000000eab00000,0x00000000eac80000,0x00000000eac80000)
  from space 512K, 75% used [0x00000000ead80000,0x00000000eade0000,0x00000000eae00000)
  to   space 512K, 0% used [0x00000000ead00000,0x00000000ead00000,0x00000000ead80000)
 ParOldGen       total 128000K, used 126370K [0x00000000c0000000, 0x00000000c7d00000, 0x00000000eab00000)
  object space 128000K, 98% used [0x00000000c0000000,0x00000000c7b68a70,0x00000000c7d00000)
 Metaspace       used 85381K, capacity 88639K, committed 89048K, reserved 1130496K
  class space    used 7616K, capacity 8818K, committed 8960K, reserved 1048576K
}
Event: 14480.809 GC heap after
{Heap after GC invocations=15139 (full 391):
 PSYoungGen      total 2048K, used 512K [0x00000000eab00000, 0x00000000eae80000, 0x0000000100000000)
  eden space 1536K, 0% used [0x00000000eab00000,0x00000000eab00000,0x00000000eac80000)
  from space 512K, 100% used [0x00000000ead00000,0x00000000ead80000,0x00000000ead80000)
  to   space 1024K, 0% used [0x00000000ead80000,0x00000000ead80000,0x00000000eae80000)
 ParOldGen       total 128000K, used 126674K [0x00000000c0000000, 0x00000000c7d00000, 0x00000000eab00000)
  object space 128000K, 98% used [0x00000000c0000000,0x00000000c7bb4a90,0x00000000c7d00000)
 Metaspace       used 85381K, capacity 88639K, committed 89048K, reserved 1130496K
  class space    used 7616K, capacity 8818K, committed 8960K, reserved 1048576K
}
Event: 14481.071 GC heap before
{Heap before GC invocations=15140 (full 391):
 PSYoungGen      total 2048K, used 2048K [0x00000000eab00000, 0x00000000eae80000, 0x0000000100000000)
  eden space 1536K, 100% used [0x00000000eab00000,0x00000000eac80000,0x00000000eac80000)
  from space 512K, 100% used [0x00000000ead00000,0x00000000ead80000,0x00000000ead80000)
  to   space 1024K, 0% used [0x00000000ead80000,0x00000000ead80000,0x00000000eae80000)
 ParOldGen       total 128000K, used 126674K [0x00000000c0000000, 0x00000000c7d00000, 0x00000000eab00000)
  object space 128000K, 98% used [0x00000000c0000000,0x00000000c7bb4a90,0x00000000c7d00000)
 Metaspace       used 85381K, capacity 88639K, committed 89048K, reserved 1130496K
  class space    used 7616K, capacity 8818K, committed 8960K, reserved 1048576K
}
Event: 14481.072 GC heap after
{Heap after GC invocations=15140 (full 391):
 PSYoungGen      total 2560K, used 432K [0x00000000eab00000, 0x00000000eae80000, 0x0000000100000000)
  eden space 1536K, 0% used [0x00000000eab00000,0x00000000eab00000,0x00000000eac80000)
  from space 1024K, 42% used [0x00000000ead80000,0x00000000eadec010,0x00000000eae80000)
  to   space 1024K, 0% used [0x00000000eac80000,0x00000000eac80000,0x00000000ead80000)
 ParOldGen       total 128000K, used 127122K [0x00000000c0000000, 0x00000000c7d00000, 0x00000000eab00000)
  object space 128000K, 99% used [0x00000000c0000000,0x00000000c7c24b20,0x00000000c7d00000)
 Metaspace       used 85381K, capacity 88639K, committed 89048K, reserved 1130496K
  class space    used 7616K, capacity 8818K, committed 8960K, reserved 1048576K
}
Event: 14481.104 GC heap before
{Heap before GC invocations=15141 (full 391):
 PSYoungGen      total 2560K, used 1957K [0x00000000eab00000, 0x00000000eae80000, 0x0000000100000000)
  eden space 1536K, 99% used [0x00000000eab00000,0x00000000eac7d408,0x00000000eac80000)
  from space 1024K, 42% used [0x00000000ead80000,0x00000000eadec010,0x00000000eae80000)
  to   space 1024K, 0% used [0x00000000eac80000,0x00000000eac80000,0x00000000ead80000)
 ParOldGen       total 128000K, used 127122K [0x00000000c0000000, 0x00000000c7d00000, 0x00000000eab00000)
  object space 128000K, 99% used [0x00000000c0000000,0x00000000c7c24b20,0x00000000c7d00000)
 Metaspace       used 85381K, capacity 88639K, committed 89048K, reserved 1130496K
  class space    used 7616K, capacity 8818K, committed 8960K, reserved 1048576K
}
Event: 14481.105 GC heap after
{Heap after GC invocations=15141 (full 391):
 PSYoungGen      total 2560K, used 224K [0x00000000eab00000, 0x00000000eae00000, 0x0000000100000000)
  eden space 1536K, 0% used [0x00000000eab00000,0x00000000eab00000,0x00000000eac80000)
  from space 1024K, 21% used [0x00000000eac80000,0x00000000eacb8000,0x00000000ead80000)
  to   space 512K, 0% used [0x00000000ead80000,0x00000000ead80000,0x00000000eae00000)
 ParOldGen       total 128000K, used 127202K [0x00000000c0000000, 0x00000000c7d00000, 0x00000000eab00000)
  object space 128000K, 99% used [0x00000000c0000000,0x00000000c7c38b20,0x00000000c7d00000)
 Metaspace       used 85381K, capacity 88639K, committed 89048K, reserved 1130496K
  class space    used 7616K, capacity 8818K, committed 8960K, reserved 1048576K
}
Event: 14481.928 GC heap before
{Heap before GC invocations=15142 (full 391):
 PSYoungGen      total 2560K, used 1760K [0x00000000eab00000, 0x00000000eae00000, 0x0000000100000000)
  eden space 1536K, 100% used [0x00000000eab00000,0x00000000eac80000,0x00000000eac80000)
  from space 1024K, 21% used [0x00000000eac80000,0x00000000eacb8000,0x00000000ead80000)
  to   space 512K, 0% used [0x00000000ead80000,0x00000000ead80000,0x00000000eae00000)
 ParOldGen       total 128000K, used 127202K [0x00000000c0000000, 0x00000000c7d00000, 0x00000000eab00000)
  object space 128000K, 99% used [0x00000000c0000000,0x00000000c7c38b20,0x00000000c7d00000)
 Metaspace       used 85381K, capacity 88639K, committed 89048K, reserved 1130496K
  class space    used 7616K, capacity 8818K, committed 8960K, reserved 1048576K
}
Event: 14481.929 GC heap after
{Heap after GC invocations=15142 (full 391):
 PSYoungGen      total 2048K, used 416K [0x00000000eab00000, 0x00000000eae00000, 0x0000000100000000)
  eden space 1536K, 0% used [0x00000000eab00000,0x00000000eab00000,0x00000000eac80000)
  from space 512K, 81% used [0x00000000ead80000,0x00000000eade8000,0x00000000eae00000)
  to   space 512K, 0% used [0x00000000ead00000,0x00000000ead00000,0x00000000ead80000)
 ParOldGen       total 128000K, used 127258K [0x00000000c0000000, 0x00000000c7d00000, 0x00000000eab00000)
  object space 128000K, 99% used [0x00000000c0000000,0x00000000c7c46b20,0x00000000c7d00000)
 Metaspace       used 85381K, capacity 88639K, committed 89048K, reserved 1130496K
  class space    used 7616K, capacity 8818K, committed 8960K, reserved 1048576K
}
Event: 14481.932 GC heap before
{Heap before GC invocations=15143 (full 391):
 PSYoungGen      total 2048K, used 1952K [0x00000000eab00000, 0x00000000eae00000, 0x0000000100000000)
  eden space 1536K, 100% used [0x00000000eab00000,0x00000000eac80000,0x00000000eac80000)
  from space 512K, 81% used [0x00000000ead80000,0x00000000eade8000,0x00000000eae00000)
  to   space 512K, 0% used [0x00000000ead00000,0x00000000ead00000,0x00000000ead80000)
 ParOldGen       total 128000K, used 127258K [0x00000000c0000000, 0x00000000c7d00000, 0x00000000eab00000)
  object space 128000K, 99% used [0x00000000c0000000,0x00000000c7c46b20,0x00000000c7d00000)
 Metaspace       used 85382K, capacity 88639K, committed 89048K, reserved 1130496K
  class space    used 7616K, capacity 8818K, committed 8960K, reserved 1048576K
}
Event: 14481.934 GC heap after
{Heap after GC invocations=15143 (full 391):
 PSYoungGen      total 2048K, used 512K [0x00000000eab00000, 0x00000000eae80000, 0x0000000100000000)
  eden space 1536K, 0% used [0x00000000eab00000,0x00000000eab00000,0x00000000eac80000)
  from space 512K, 100% used [0x00000000ead00000,0x00000000ead80000,0x00000000ead80000)
  to   space 1024K, 0% used [0x00000000ead80000,0x00000000ead80000,0x00000000eae80000)
 ParOldGen       total 128000K, used 127435K [0x00000000c0000000, 0x00000000c7d00000, 0x00000000eab00000)
  object space 128000K, 99% used [0x00000000c0000000,0x00000000c7c72c40,0x00000000c7d00000)
 Metaspace       used 85382K, capacity 88639K, committed 89048K, reserved 1130496K
  class space    used 7616K, capacity 8818K, committed 8960K, reserved 1048576K
}
Event: 14481.939 GC heap before
{Heap before GC invocations=15144 (full 391):
 PSYoungGen      total 2048K, used 2048K [0x00000000eab00000, 0x00000000eae80000, 0x0000000100000000)
  eden space 1536K, 100% used [0x00000000eab00000,0x00000000eac80000,0x00000000eac80000)
  from space 512K, 100% used [0x00000000ead00000,0x00000000ead80000,0x00000000ead80000)
  to   space 1024K, 0% used [0x00000000ead80000,0x00000000ead80000,0x00000000eae80000)
 ParOldGen       total 128000K, used 127435K [0x00000000c0000000, 0x00000000c7d00000, 0x00000000eab00000)
  object space 128000K, 99% used [0x00000000c0000000,0x00000000c7c72c40,0x00000000c7d00000)
 Metaspace       used 85382K, capacity 88639K, committed 89048K, reserved 1130496K
  class space    used 7616K, capacity 8818K, committed 8960K, reserved 1048576K
}
Event: 14481.940 GC heap after
{Heap after GC invocations=15144 (full 391):
 PSYoungGen      total 2560K, used 960K [0x00000000eab00000, 0x00000000eae80000, 0x0000000100000000)
  eden space 1536K, 0% used [0x00000000eab00000,0x00000000eab00000,0x00000000eac80000)
  from space 1024K, 93% used [0x00000000ead80000,0x00000000eae70000,0x00000000eae80000)
  to   space 1024K, 0% used [0x00000000eac80000,0x00000000eac80000,0x00000000ead80000)
 ParOldGen       total 128000K, used 127945K [0x00000000c0000000, 0x00000000c7d00000, 0x00000000eab00000)
  object space 128000K, 99% used [0x00000000c0000000,0x00000000c7cf26a0,0x00000000c7d00000)
 Metaspace       used 85382K, capacity 88639K, committed 89048K, reserved 1130496K
  class space    used 7616K, capacity 8818K, committed 8960K, reserved 1048576K
}
Event: 14481.940 GC heap before
{Heap before GC invocations=15145 (full 392):
 PSYoungGen      total 2560K, used 960K [0x00000000eab00000, 0x00000000eae80000, 0x0000000100000000)
  eden space 1536K, 0% used [0x00000000eab00000,0x00000000eab00000,0x00000000eac80000)
  from space 1024K, 93% used [0x00000000ead80000,0x00000000eae70000,0x00000000eae80000)
  to   space 1024K, 0% used [0x00000000eac80000,0x00000000eac80000,0x00000000ead80000)
 ParOldGen       total 128000K, used 127945K [0x00000000c0000000, 0x00000000c7d00000, 0x00000000eab00000)
  object space 128000K, 99% used [0x00000000c0000000,0x00000000c7cf26a0,0x00000000c7d00000)
 Metaspace       used 85382K, capacity 88639K, committed 89048K, reserved 1130496K
  class space    used 7616K, capacity 8818K, committed 8960K, reserved 1048576K
}

